Wed Feb 19 11:59:51 EET 2020 : Apache Derby Network Server - 10.10.2.0 - (1582446) started and ready to accept connections on port 1527
----------------------------------------------------------------
Wed Feb 19 12:00:15 EET 2020:
Booting Derby version The Apache Software Foundation - Apache Derby - 10.10.2.0 - (1582446): instance a816c00e-0170-5cac-b2e1-00006593f7ca 
on database directory C:\Users\elif_\Documents\NetBeansProjects\rentacar\carDb with class loader sun.misc.Launcher$AppClassLoader@49476842 
Loaded from file:/C:/Program%20Files/glassfish-4.1.1/javadb/lib/derby.jar
java.vendor=Oracle Corporation
java.runtime.version=1.8.0_211-b12
user.dir=C:\Program Files\glassfish-4.1.1\javadb
os.name=Windows 10
os.arch=amd64
os.version=10.0
derby.system.home=C:\Users\elif_\Documents\NetBeansProjects\rentacar
Database Class Loader started - derby.database.classpath=''
----------------------------------------------------------------
Wed Feb 19 12:05:27 EET 2020: Shutting down Derby engine
----------------------------------------------------------------
Wed Feb 19 12:05:27 EET 2020:
Shutting down instance a816c00e-0170-5cac-b2e1-00006593f7ca on database directory C:\Users\elif_\Documents\NetBeansProjects\rentacar\carDb with class loader sun.misc.Launcher$AppClassLoader@49476842 
----------------------------------------------------------------
